# column   1     --> step : The current simulation time step.
# column   2     --> potential{electronvolt} : The physical system potential energy.
    0.00000000e+00     3.26575622e+00   
    1.00000000e+00     1.12604684e+00   
    2.00000000e+00     3.40436177e-01   
    3.00000000e+00     8.57059009e-02   
    4.00000000e+00     3.98682429e-02   
    5.00000000e+00     2.09743639e-02   
    6.00000000e+00     1.23134973e-02   
    7.00000000e+00     7.26007892e-03   
    8.00000000e+00     4.39016371e-03   
    9.00000000e+00     2.68821492e-03   
    1.00000000e+01     1.69475857e-03   
    1.10000000e+01     1.10017562e-03   
    1.20000000e+01     7.46519731e-04   
    1.30000000e+01     5.32456879e-04   
    1.40000000e+01     4.03075776e-04   
    1.50000000e+01     3.23866499e-04   
    1.60000000e+01     2.75338379e-04   
    1.70000000e+01     2.45319999e-04   
    1.80000000e+01     2.26721280e-04   
    1.90000000e+01     2.15112602e-04   
    2.00000000e+01     2.07851951e-04   
    2.10000000e+01     2.03282862e-04   
    2.20000000e+01     2.00399844e-04   
    2.30000000e+01     1.98569175e-04   
    2.40000000e+01     1.97401663e-04   
    2.50000000e+01     1.96650277e-04   
    2.60000000e+01     1.96162575e-04   
    2.70000000e+01     1.95840663e-04   
    2.80000000e+01     1.95624467e-04   
    2.90000000e+01     1.95474523e-04   
    3.00000000e+01     1.95367176e-04   
    3.10000000e+01     1.95286188e-04   
    3.20000000e+01     1.95222316e-04   
